<?xml version="1.0" encoding="UTF-8"?>
<!-- Generated by org.testng.reporters.JUnitReportReporter -->
<testsuite skipped="0" hostname="Fatihs-MBP" name="com.qa.verizon.tests.SmartPhoneTest" tests="2" failures="0" timestamp="2020-07-23T14:03:01 CDT" time="6.873" errors="0">
  <testcase name="PagetitleVerify" time="0.178" classname="com.qa.verizon.tests.SmartPhoneTest"/>
  <system-out/>
  <testcase name="Choosephone" time="6.695" classname="com.qa.verizon.tests.SmartPhoneTest"/>
  <system-out/>
</testsuite> <!-- com.qa.verizon.tests.SmartPhoneTest -->
