<?xml version="1.0" encoding="UTF-8"?>
<!-- Generated by org.testng.reporters.JUnitReportReporter -->
<testsuite skipped="0" hostname="Fatihs-MBP" name="com.qa.verizon.tests.HomePageTest" tests="3" failures="0" timestamp="2020-07-23T14:03:01 CDT" time="2.153" errors="0">
  <testcase name="verifyHomePageTitle" time="0.041" classname="com.qa.verizon.tests.HomePageTest"/>
  <system-out/>
  <testcase name="selectPhoneList" time="0.233" classname="com.qa.verizon.tests.HomePageTest"/>
  <system-out/>
  <testcase name="smartPhoneClick" time="1.879" classname="com.qa.verizon.tests.HomePageTest"/>
  <system-out/>
</testsuite> <!-- com.qa.verizon.tests.HomePageTest -->
