<?xml version="1.0" encoding="UTF-8"?>
<!-- Generated by org.testng.reporters.JUnitReportReporter -->
<testsuite skipped="0" hostname="Fatihs-MBP" name="com.qa.verizon.tests.PhoneTest" tests="4" failures="0" timestamp="2020-07-23T14:03:01 CDT" time="205.886" errors="0">
  <testcase name="getPhonePageTitle" time="0.047" classname="com.qa.verizon.tests.PhoneTest"/>
  <system-out/>
  <testcase name="chooseFeatureOfPhone" time="5.639" classname="com.qa.verizon.tests.PhoneTest"/>
  <system-out/>
  <testcase name="zipCode" time="3.475" classname="com.qa.verizon.tests.PhoneTest"/>
  <system-out/>
  <testcase name="chooseFeatures" time="196.725" classname="com.qa.verizon.tests.PhoneTest"/>
  <system-out/>
</testsuite> <!-- com.qa.verizon.tests.PhoneTest -->
