<?xml version="1.0" encoding="UTF-8"?>
<!-- Generated by org.testng.reporters.JUnitReportReporter -->
<testsuite skipped="2" hostname="Fatihs-MBP" name="com.qa.verizon.tests.SmartPhonePageTest" tests="2" failures="0" timestamp="2020-07-13T18:48:54 CDT" time="0.000" errors="0">
  <testcase name="Choosephone" time="0.000" classname="com.qa.verizon.tests.SmartPhonePageTest">
    <skipped/>
  </testcase> <!-- Choosephone -->
  <system-out/>
  <testcase name="PagetitleVerify" time="0.000" classname="com.qa.verizon.tests.SmartPhonePageTest">
    <skipped/>
  </testcase> <!-- PagetitleVerify -->
  <system-out/>
</testsuite> <!-- com.qa.verizon.tests.SmartPhonePageTest -->
